BadPackageCommentTest.java:11: error: no tag name after @
 * @@@
   ^
BadPackageCommentTest.java:11: error: no tag name after @
 * @@@
    ^
BadPackageCommentTest.java:11: error: no tag name after @
 * @@@
     ^
3 errors
