ReferenceTest.java:11: error: invalid use of @param
     * @param x description
       ^
ReferenceTest.java:16: error: invalid use of @param
     * @param x description
       ^
ReferenceTest.java:21: error: @param name not found
     * @param x description
              ^
ReferenceTest.java:23: warning: no @param for a
    public void param_name_not_found(int a) { }
                ^
ReferenceTest.java:26: error: @param name not found
     * @param <X> description
               ^
ReferenceTest.java:31: error: reference not found
     * @see Object#tooStrong()
            ^
ReferenceTest.java:36: error: invalid use of @return
     * @return x description
       ^
ReferenceTest.java:41: error: invalid use of @return
     * @return x description
       ^
ReferenceTest.java:46: error: exception not thrown: java.lang.Exception
     * @throws Exception description
               ^
8 errors
1 warning

